<?xml version="1.0" encoding="UTF-8"?>
<!-- Generated by org.testng.reporters.JUnitReportReporter -->
<testsuite hostname="BTM-FACULTY-PC" name="script.OrangeTC1" tests="1" failures="0" timestamp="15 Oct 2018 02:14:25 GMT" time="36.209" errors="0">
  <testcase name="testA" time="36.209" classname="script.OrangeTC1"/>
</testsuite> <!-- script.OrangeTC1 -->
