<?xml version="1.0" encoding="UTF-8"?>
<!-- Generated by org.testng.reporters.JUnitReportReporter -->
<testsuite hostname="BTM-FACULTY-PC" name="script.DemoA" tests="1" failures="0" timestamp="4 Oct 2018 03:08:59 GMT" time="8.654" errors="0">
  <testcase name="testA" time="8.654" classname="script.DemoA"/>
</testsuite> <!-- script.DemoA -->
